\BOOKMARK [1][-]{section.1}{Requirements}{}% 1
\BOOKMARK [2][-]{subsection.1.1}{Mandatory}{section.1}% 2
\BOOKMARK [2][-]{subsection.1.2}{Secondary}{section.1}% 3
\BOOKMARK [1][-]{section.2}{Overview}{}% 4
\BOOKMARK [1][-]{section.3}{Dictionary}{}% 5
\BOOKMARK [2][-]{subsection.3.1}{General terms}{section.3}% 6
\BOOKMARK [2][-]{subsection.3.2}{In-Game terms}{section.3}% 7
\BOOKMARK [1][-]{section.4}{Example}{}% 8
\BOOKMARK [1][-]{section.5}{Revision History}{}% 9
\BOOKMARK [1][-]{section.6}{Milestones}{}% 10
\BOOKMARK [2][-]{subsection.6.1}{System analysis}{section.6}% 11
\BOOKMARK [2][-]{subsection.6.2}{System design}{section.6}% 12
\BOOKMARK [3][-]{subsubsection.6.2.1}{General}{subsection.6.2}% 13
\BOOKMARK [3][-]{subsubsection.6.2.2}{GUI}{subsection.6.2}% 14
\BOOKMARK [3][-]{subsubsection.6.2.3}{Client \046 Server and Control \(Server and start-up parts\)}{subsection.6.2}% 15
\BOOKMARK [3][-]{subsubsection.6.2.4}{Gamestate and Control \(Game Logic\)}{subsection.6.2}% 16
\BOOKMARK [3][-]{subsubsection.6.2.5}{BON specification}{subsection.6.2}% 17
\BOOKMARK [2][-]{subsection.6.3}{System production}{section.6}% 18
\BOOKMARK [3][-]{subsubsection.6.3.1}{General}{subsection.6.3}% 19
\BOOKMARK [3][-]{subsubsection.6.3.2}{GUI}{subsection.6.3}% 20
\BOOKMARK [3][-]{subsubsection.6.3.3}{Server and Control \(Server and start-up parts\)}{subsection.6.3}% 21
\BOOKMARK [2][-]{subsection.6.4}{Gamestate and Control \(Game Logic\)}{section.6}% 22
